This is pdfTeX, Version 3.14159265-2.6-1.40.21 (TeX Live 2020) (preloaded format=pdflatex 2021.1.27)  12 AUG 2021 12:52
entering extended mode
 restricted \write18 enabled.
 file:line:error style messages enabled.
 %&-line parsing enabled.
**"generic-color copy.tex"
(./generic-color copy.tex
LaTeX2e <2020-02-02> patch level 5
L3 programming layer <2020-03-06> (./ieeecolor.cls

LaTeX Warning: You have requested document class `ieeecolor',
               but the document class provides `IEEEtran'.

Document Class: IEEEtran 2002/11/18 revision V1.6b by Michael Shell
-- See the "IEEEtran_HOWTO" manual for usage information.
-- The source comments contain changelog notes.
(/usr/local/texlive/2020/texmf-dist/tex/latex/graphics/color.sty
Package: color 2019/11/23 v1.2a Standard LaTeX Color (DPC)

(/usr/local/texlive/2020/texmf-dist/tex/latex/graphics-cfg/color.cfg
File: color.cfg 2016/01/02 v1.6 sample color configuration
)
Package color Info: Driver file: pdftex.def on input line 147.

(/usr/local/texlive/2020/texmf-dist/tex/latex/graphics-def/pdftex.def
File: pdftex.def 2018/01/08 v1.0l Graphics/color driver for pdftex
))
\@draftversionrule=\dimen134
\@IEEEtrantmpdimenA=\dimen135
\@IEEEtrantmpdimenB=\dimen136
\@IEEEtrantmpcountA=\count167
\@IEEEtrantmpcountB=\count168
\@IEEEtrantmptoksA=\toks15
LaTeX Font Info:    Trying to load font information for OT1+ptm on input line 8
34.

(/usr/local/texlive/2020/texmf-dist/tex/latex/psnfss/ot1ptm.fd
File: ot1ptm.fd 2001/06/04 font definitions for OT1/ptm.
)
\@IEEEnormalsizefontbaselineskip=\skip47

-- This is a 10 point document.
\normalsizebaselineskip=\skip48
\normaljot=\skip49
LaTeX Font Info:    Font shape `OT1/ptm/bx/n' in size <5> not available
(Font)              Font shape `OT1/ptm/b/n' tried instead on input line 1180.
LaTeX Font Info:    Font shape `OT1/ptm/bx/it' in size <5> not available
(Font)              Font shape `OT1/ptm/b/it' tried instead on input line 1180.

LaTeX Font Info:    Font shape `OT1/ptm/bx/n' in size <7> not available
(Font)              Font shape `OT1/ptm/b/n' tried instead on input line 1180.
LaTeX Font Info:    Font shape `OT1/ptm/bx/it' in size <7> not available
(Font)              Font shape `OT1/ptm/b/it' tried instead on input line 1180.

LaTeX Font Info:    Font shape `OT1/ptm/bx/n' in size <8> not available
(Font)              Font shape `OT1/ptm/b/n' tried instead on input line 1180.
LaTeX Font Info:    Font shape `OT1/ptm/bx/it' in size <8> not available
(Font)              Font shape `OT1/ptm/b/it' tried instead on input line 1180.

LaTeX Font Info:    Font shape `OT1/ptm/bx/n' in size <9> not available
(Font)              Font shape `OT1/ptm/b/n' tried instead on input line 1180.
LaTeX Font Info:    Font shape `OT1/ptm/bx/it' in size <9> not available
(Font)              Font shape `OT1/ptm/b/it' tried instead on input line 1180.

LaTeX Font Info:    Font shape `OT1/ptm/bx/n' in size <10> not available
(Font)              Font shape `OT1/ptm/b/n' tried instead on input line 1180.
LaTeX Font Info:    Font shape `OT1/ptm/bx/it' in size <10> not available
(Font)              Font shape `OT1/ptm/b/it' tried instead on input line 1180.

LaTeX Font Info:    Font shape `OT1/ptm/bx/n' in size <11> not available
(Font)              Font shape `OT1/ptm/b/n' tried instead on input line 1180.
LaTeX Font Info:    Font shape `OT1/ptm/bx/it' in size <11> not available
(Font)              Font shape `OT1/ptm/b/it' tried instead on input line 1180.

LaTeX Font Info:    Font shape `OT1/ptm/bx/n' in size <12> not available
(Font)              Font shape `OT1/ptm/b/n' tried instead on input line 1180.
LaTeX Font Info:    Font shape `OT1/ptm/bx/it' in size <12> not available
(Font)              Font shape `OT1/ptm/b/it' tried instead on input line 1180.

LaTeX Font Info:    Font shape `OT1/ptm/bx/n' in size <17> not available
(Font)              Font shape `OT1/ptm/b/n' tried instead on input line 1180.
LaTeX Font Info:    Font shape `OT1/ptm/bx/it' in size <17> not available
(Font)              Font shape `OT1/ptm/b/it' tried instead on input line 1180.

LaTeX Font Info:    Font shape `OT1/ptm/bx/n' in size <20> not available
(Font)              Font shape `OT1/ptm/b/n' tried instead on input line 1180.
LaTeX Font Info:    Font shape `OT1/ptm/bx/it' in size <20> not available
(Font)              Font shape `OT1/ptm/b/it' tried instead on input line 1180.

LaTeX Font Info:    Font shape `OT1/ptm/bx/n' in size <24> not available
(Font)              Font shape `OT1/ptm/b/n' tried instead on input line 1180.
LaTeX Font Info:    Font shape `OT1/ptm/bx/it' in size <24> not available
(Font)              Font shape `OT1/ptm/b/it' tried instead on input line 1180.

\IEEEilabelindentA=\dimen137
\IEEEilabelindentB=\dimen138
\IEEEilabelindent=\dimen139
\IEEEelabelindent=\dimen140
\IEEEdlabelindent=\dimen141
\labelindent=\dimen142
\IEEEiednormlabelsep=\dimen143
\IEEEiedmathlabelsep=\dimen144
\IEEEiedtopsep=\skip50
\c@section=\count169
\c@subsection=\count170
\c@subsubsection=\count171
\c@paragraph=\count172
\c@IEEEsubequation=\count173
\abovecaptionskip=\skip51
\belowcaptionskip=\skip52
\figbox=\box45
\c@figure=\count174
\c@query=\count175
\c@qry=\count176
\c@nquery=\count177
\c@tquery=\count178
\c@equery=\count179
\c@eqry=\count180
\c@edquery=\count181
\c@etquery=\count182
\c@table=\count183
\@IEEEeqnnumcols=\count184
\@IEEEeqncolcnt=\count185
\firstpagerule=\skip53
\logowidth=\skip54
\@IEEEtmpitemindent=\dimen145
\c@biography=\count186
\c@edbiography=\count187
LaTeX Info: Redefining \sf on input line 4869.
\@IEEEtranrubishbin=\box46
) (./generic.sty) (/usr/local/texlive/2020/texmf-dist/tex/latex/cite/cite.sty
LaTeX Info: Redefining \cite on input line 302.
LaTeX Info: Redefining \nocite on input line 332.
Package: cite 2015/02/27  v 5.5
)
(/usr/local/texlive/2020/texmf-dist/tex/latex/amsmath/amsmath.sty
Package: amsmath 2020/01/20 v2.17e AMS math features
\@mathmargin=\skip55

For additional information on amsmath, use the `?' option.
(/usr/local/texlive/2020/texmf-dist/tex/latex/amsmath/amstext.sty
Package: amstext 2000/06/29 v2.01 AMS text

(/usr/local/texlive/2020/texmf-dist/tex/latex/amsmath/amsgen.sty
File: amsgen.sty 1999/11/30 v2.0 generic functions
\@emptytoks=\toks16
\ex@=\dimen146
))
(/usr/local/texlive/2020/texmf-dist/tex/latex/amsmath/amsbsy.sty
Package: amsbsy 1999/11/29 v1.2d Bold Symbols
\pmbraise@=\dimen147
)
(/usr/local/texlive/2020/texmf-dist/tex/latex/amsmath/amsopn.sty
Package: amsopn 2016/03/08 v2.02 operator names
)
\inf@bad=\count188
LaTeX Info: Redefining \frac on input line 227.
\uproot@=\count189
\leftroot@=\count190
LaTeX Info: Redefining \overline on input line 389.
\classnum@=\count191
\DOTSCASE@=\count192
LaTeX Info: Redefining \ldots on input line 486.
LaTeX Info: Redefining \dots on input line 489.
LaTeX Info: Redefining \cdots on input line 610.
\Mathstrutbox@=\box47
\strutbox@=\box48
\big@size=\dimen148
LaTeX Font Info:    Redeclaring font encoding OML on input line 733.
LaTeX Font Info:    Redeclaring font encoding OMS on input line 734.
\macc@depth=\count193
\c@MaxMatrixCols=\count194
\dotsspace@=\muskip16
\c@parentequation=\count195
\dspbrk@lvl=\count196
\tag@help=\toks17
\row@=\count197
\column@=\count198
\maxfields@=\count199
\andhelp@=\toks18
\eqnshift@=\dimen149
\alignsep@=\dimen150
\tagshift@=\dimen151
\tagwidth@=\dimen152
\totwidth@=\dimen153
\lineht@=\dimen154
\@envbody=\toks19
\multlinegap=\skip56
\multlinetaggap=\skip57
\mathdisplay@stack=\toks20
LaTeX Info: Redefining \[ on input line 2859.
LaTeX Info: Redefining \] on input line 2860.
)
(/usr/local/texlive/2020/texmf-dist/tex/latex/mathtools/mathtools.sty
Package: mathtools 2020/03/24 v1.24 mathematical typesetting tools

(/usr/local/texlive/2020/texmf-dist/tex/latex/graphics/keyval.sty
Package: keyval 2014/10/28 v1.15 key=value parser (DPC)
\KV@toks@=\toks21
)
(/usr/local/texlive/2020/texmf-dist/tex/latex/tools/calc.sty
Package: calc 2017/05/25 v4.3 Infix arithmetic (KKT,FJ)
\calc@Acount=\count266
\calc@Bcount=\count267
\calc@Adimen=\dimen155
\calc@Bdimen=\dimen156
\calc@Askip=\skip58
\calc@Bskip=\skip59
LaTeX Info: Redefining \setlength on input line 80.
LaTeX Info: Redefining \addtolength on input line 81.
\calc@Ccount=\count268
\calc@Cskip=\skip60
)
(/usr/local/texlive/2020/texmf-dist/tex/latex/mathtools/mhsetup.sty
Package: mhsetup 2017/03/31 v1.3 programming setup (MH)
)
LaTeX Info: Thecontrolsequence`\('isalreadyrobust on input line 130.
LaTeX Info: Thecontrolsequence`\)'isalreadyrobust on input line 130.
LaTeX Info: Thecontrolsequence`\['isalreadyrobust on input line 130.
LaTeX Info: Thecontrolsequence`\]'isalreadyrobust on input line 130.
\g_MT_multlinerow_int=\count269
\l_MT_multwidth_dim=\dimen157
\origjot=\skip61
\l_MT_shortvdotswithinadjustabove_dim=\dimen158
\l_MT_shortvdotswithinadjustbelow_dim=\dimen159
\l_MT_above_intertext_sep=\dimen160
\l_MT_below_intertext_sep=\dimen161
\l_MT_above_shortintertext_sep=\dimen162
\l_MT_below_shortintertext_sep=\dimen163
\xmathstrut@box=\box49
\xmathstrut@dim=\dimen164
)
(/usr/local/texlive/2020/texmf-dist/tex/latex/amsfonts/amssymb.sty
Package: amssymb 2013/01/14 v3.01 AMS font symbols

(/usr/local/texlive/2020/texmf-dist/tex/latex/amsfonts/amsfonts.sty
Package: amsfonts 2013/01/14 v3.01 Basic AMSFonts support
\symAMSa=\mathgroup4
\symAMSb=\mathgroup5
LaTeX Font Info:    Redeclaring math symbol \hbar on input line 98.
LaTeX Font Info:    Overwriting math alphabet `\mathfrak' in version `bold'
(Font)                  U/euf/m/n --> U/euf/b/n on input line 106.
))
(/usr/local/texlive/2020/texmf-dist/tex/latex/url/url.sty
\Urlmuskip=\muskip17
Package: url 2013/09/16  ver 3.4  Verb mode for urls, etc.
)
(/usr/local/texlive/2020/texmf-dist/tex/latex/tools/xspace.sty
Package: xspace 2014/10/28 v1.13 Space after command names (DPC,MH)
)
(/usr/local/texlive/2020/texmf-dist/tex/latex/amsfonts/eucal.sty
Package: eucal 2009/06/22 v3.00 Euler Script fonts
LaTeX Font Info:    Overwriting math alphabet `\EuScript' in version `bold'
(Font)                  U/eus/m/n --> U/eus/b/n on input line 33.
)
(/usr/local/texlive/2020/texmf-dist/tex/latex/graphics/graphicx.sty
Package: graphicx 2019/11/30 v1.2a Enhanced LaTeX Graphics (DPC,SPQR)

(/usr/local/texlive/2020/texmf-dist/tex/latex/graphics/graphics.sty
Package: graphics 2019/11/30 v1.4a Standard LaTeX Graphics (DPC,SPQR)

(/usr/local/texlive/2020/texmf-dist/tex/latex/graphics/trig.sty
Package: trig 2016/01/03 v1.10 sin cos tan (DPC)
)
(/usr/local/texlive/2020/texmf-dist/tex/latex/graphics-cfg/graphics.cfg
File: graphics.cfg 2016/06/04 v1.11 sample graphics configuration
)
Package graphics Info: Driver file: pdftex.def on input line 105.
)
\Gin@req@height=\dimen165
\Gin@req@width=\dimen166
)
(/usr/local/texlive/2020/texmf-dist/tex/latex/algorithms/algorithmic.sty
Package: algorithmic 2009/08/24 v0.1 Document Style `algorithmic'

(/usr/local/texlive/2020/texmf-dist/tex/latex/base/ifthen.sty
Package: ifthen 2014/09/29 v1.1c Standard LaTeX ifthen package (DPC)
)
\c@ALC@unique=\count270
\c@ALC@line=\count271
\c@ALC@rem=\count272
\c@ALC@depth=\count273
\ALC@tlm=\skip62
\algorithmicindent=\skip63
)
(/usr/local/texlive/2020/texmf-dist/tex/latex/base/textcomp.sty
Package: textcomp 2020/02/02 v2.0n Standard LaTeX package
)
(/usr/local/texlive/2020/texmf-dist/tex/latex/cases/cases.sty
Package: cases 2020/03/10 ver 3.1
\numc@numwid=\dimen167
)
(/usr/local/texlive/2020/texmf-dist/tex/latex/hyperref/hyperref.sty
Package: hyperref 2020/01/14 v7.00d Hypertext links for LaTeX

(/usr/local/texlive/2020/texmf-dist/tex/generic/ltxcmds/ltxcmds.sty
Package: ltxcmds 2019/12/15 v1.24 LaTeX kernel commands for general use (HO)
)
(/usr/local/texlive/2020/texmf-dist/tex/generic/iftex/iftex.sty
Package: iftex 2020/03/06 v1.0d TeX engine tests
)
(/usr/local/texlive/2020/texmf-dist/tex/latex/pdftexcmds/pdftexcmds.sty
Package: pdftexcmds 2019/11/24 v0.31 Utility functions of pdfTeX for LuaTeX (HO
)

(/usr/local/texlive/2020/texmf-dist/tex/generic/infwarerr/infwarerr.sty
Package: infwarerr 2019/12/03 v1.5 Providing info/warning/error messages (HO)
)
Package pdftexcmds Info: \pdf@primitive is available.
Package pdftexcmds Info: \pdf@ifprimitive is available.
Package pdftexcmds Info: \pdfdraftmode found.
)
(/usr/local/texlive/2020/texmf-dist/tex/generic/kvsetkeys/kvsetkeys.sty
Package: kvsetkeys 2019/12/15 v1.18 Key value parser (HO)
)
(/usr/local/texlive/2020/texmf-dist/tex/generic/kvdefinekeys/kvdefinekeys.sty
Package: kvdefinekeys 2019-12-19 v1.6 Define keys (HO)
)
(/usr/local/texlive/2020/texmf-dist/tex/generic/pdfescape/pdfescape.sty
Package: pdfescape 2019/12/09 v1.15 Implements pdfTeX's escape features (HO)
)
(/usr/local/texlive/2020/texmf-dist/tex/latex/hycolor/hycolor.sty
Package: hycolor 2020-01-27 v1.10 Color options for hyperref/bookmark (HO)
)
(/usr/local/texlive/2020/texmf-dist/tex/latex/letltxmacro/letltxmacro.sty
Package: letltxmacro 2019/12/03 v1.6 Let assignment for LaTeX macros (HO)
)
(/usr/local/texlive/2020/texmf-dist/tex/latex/auxhook/auxhook.sty
Package: auxhook 2019-12-17 v1.6 Hooks for auxiliary files (HO)
)
(/usr/local/texlive/2020/texmf-dist/tex/latex/kvoptions/kvoptions.sty
Package: kvoptions 2019/11/29 v3.13 Key value format for package options (HO)
)
\@linkdim=\dimen168
\Hy@linkcounter=\count274
\Hy@pagecounter=\count275

(/usr/local/texlive/2020/texmf-dist/tex/latex/hyperref/pd1enc.def
File: pd1enc.def 2020/01/14 v7.00d Hyperref: PDFDocEncoding definition (HO)
Now handling font encoding PD1 ...
... no UTF-8 mapping file for font encoding PD1
)
(/usr/local/texlive/2020/texmf-dist/tex/generic/intcalc/intcalc.sty
Package: intcalc 2019/12/15 v1.3 Expandable calculations with integers (HO)
)
(/usr/local/texlive/2020/texmf-dist/tex/generic/etexcmds/etexcmds.sty
Package: etexcmds 2019/12/15 v1.7 Avoid name clashes with e-TeX commands (HO)
)
\Hy@SavedSpaceFactor=\count276
Package hyperref Info: Hyper figures OFF on input line 4547.
Package hyperref Info: Link nesting OFF on input line 4552.
Package hyperref Info: Hyper index ON on input line 4555.
Package hyperref Info: Plain pages OFF on input line 4562.
Package hyperref Info: Backreferencing OFF on input line 4567.
Package hyperref Info: Implicit mode ON; LaTeX internals redefined.
Package hyperref Info: Bookmarks ON on input line 4800.
\c@Hy@tempcnt=\count277
LaTeX Info: Redefining \url on input line 5159.
\XeTeXLinkMargin=\dimen169

(/usr/local/texlive/2020/texmf-dist/tex/generic/bitset/bitset.sty
Package: bitset 2019/12/09 v1.3 Handle bit-vector datatype (HO)

(/usr/local/texlive/2020/texmf-dist/tex/generic/bigintcalc/bigintcalc.sty
Package: bigintcalc 2019/12/15 v1.5 Expandable calculations on big integers (HO
)
))
\Fld@menulength=\count278
\Field@Width=\dimen170
\Fld@charsize=\dimen171
Package hyperref Info: Hyper figures OFF on input line 6430.
Package hyperref Info: Link nesting OFF on input line 6435.
Package hyperref Info: Hyper index ON on input line 6438.
Package hyperref Info: backreferencing OFF on input line 6445.
Package hyperref Info: Link coloring OFF on input line 6450.
Package hyperref Info: Link coloring with OCG OFF on input line 6455.
Package hyperref Info: PDF/A mode OFF on input line 6460.
LaTeX Info: Redefining \ref on input line 6500.
LaTeX Info: Redefining \pageref on input line 6504.

(/usr/local/texlive/2020/texmf-dist/tex/generic/atbegshi/atbegshi.sty
Package: atbegshi 2019/12/05 v1.19 At begin shipout hook (HO)
)
\Hy@abspage=\count279
\c@Item=\count280
\c@Hfootnote=\count281
)
Package hyperref Info: Driver (autodetected): hpdftex.

(/usr/local/texlive/2020/texmf-dist/tex/latex/hyperref/hpdftex.def
File: hpdftex.def 2020/01/14 v7.00d Hyperref driver for pdfTeX

(/usr/local/texlive/2020/texmf-dist/tex/latex/atveryend/atveryend.sty
Package: atveryend 2019-12-11 v1.11 Hooks at the very end of document (HO)
Package atveryend Info: \enddocument detected (standard20110627).
)
\Fld@listcount=\count282
\c@bookmark@seq@number=\count283

(/usr/local/texlive/2020/texmf-dist/tex/latex/rerunfilecheck/rerunfilecheck.sty
Package: rerunfilecheck 2019/12/05 v1.9 Rerun checks for auxiliary files (HO)

(/usr/local/texlive/2020/texmf-dist/tex/generic/uniquecounter/uniquecounter.sty
Package: uniquecounter 2019/12/15 v1.4 Provide unlimited unique counter (HO)
)
Package uniquecounter Info: New unique counter `rerunfilecheck' on input line 2
86.
)
\Hy@SectionHShift=\skip64
)
\c@remark=\count284
\c@proposition=\count285
\c@lemma=\count286
\c@example=\count287

(/usr/local/texlive/2020/texmf-dist/tex/latex/l3backend/l3backend-pdfmode.def
File: l3backend-pdfmode.def 2020-03-12 L3 backend support: PDF mode
\l__kernel_color_stack_int=\count288
\l__pdf_internal_box=\box50
)
(./generic-color copy.aux)
\openout1 = `"generic-color copy.aux"'.

LaTeX Font Info:    Checking defaults for OML/cmm/m/it on input line 33.
LaTeX Font Info:    ... okay on input line 33.
LaTeX Font Info:    Checking defaults for OMS/cmsy/m/n on input line 33.
LaTeX Font Info:    ... okay on input line 33.
LaTeX Font Info:    Checking defaults for OT1/cmr/m/n on input line 33.
LaTeX Font Info:    ... okay on input line 33.
LaTeX Font Info:    Checking defaults for T1/cmr/m/n on input line 33.
LaTeX Font Info:    ... okay on input line 33.
LaTeX Font Info:    Checking defaults for TS1/cmr/m/n on input line 33.
LaTeX Font Info:    ... okay on input line 33.
LaTeX Font Info:    Checking defaults for OMX/cmex/m/n on input line 33.
LaTeX Font Info:    ... okay on input line 33.
LaTeX Font Info:    Checking defaults for U/cmr/m/n on input line 33.
LaTeX Font Info:    ... okay on input line 33.
LaTeX Font Info:    Checking defaults for PD1/pdf/m/n on input line 33.
LaTeX Font Info:    ... okay on input line 33.

(/usr/local/texlive/2020/texmf-dist/tex/context/base/mkii/supp-pdf.mkii
[Loading MPS to PDF converter (version 2006.09.02).]
\scratchcounter=\count289
\scratchdimen=\dimen172
\scratchbox=\box51
\nofMPsegments=\count290
\nofMParguments=\count291
\everyMPshowfont=\toks22
\MPscratchCnt=\count292
\MPscratchDim=\dimen173
\MPnumerator=\count293
\makeMPintoPDFobject=\count294
\everyMPtoPDFconversion=\toks23
) (/usr/local/texlive/2020/texmf-dist/tex/latex/epstopdf-pkg/epstopdf-base.sty
Package: epstopdf-base 2020-01-24 v2.11 Base part for package epstopdf
Package epstopdf-base Info: Redefining graphics rule for `.eps' on input line 4
85.

(/usr/local/texlive/2020/texmf-dist/tex/latex/latexconfig/epstopdf-sys.cfg
File: epstopdf-sys.cfg 2010/07/13 v1.3 Configuration of (r)epstopdf for TeX Liv
e
))
\AtBeginShipoutBox=\box52
Package hyperref Info: Link coloring OFF on input line 33.

(/usr/local/texlive/2020/texmf-dist/tex/latex/hyperref/nameref.sty
Package: nameref 2019/09/16 v2.46 Cross-referencing by name of section

(/usr/local/texlive/2020/texmf-dist/tex/latex/refcount/refcount.sty
Package: refcount 2019/12/15 v3.6 Data extraction from label references (HO)
)
(/usr/local/texlive/2020/texmf-dist/tex/generic/gettitlestring/gettitlestring.s
ty
Package: gettitlestring 2019/12/15 v1.6 Cleanup title references (HO)
)
\c@section@level=\count295
)
LaTeX Info: Redefining \ref on input line 33.
LaTeX Info: Redefining \pageref on input line 33.
LaTeX Info: Redefining \nameref on input line 33.
 (./generic-color copy.out) (./generic-color copy.out)
\@outlinefile=\write3
\openout3 = `"generic-color copy.out"'.

Package color Info: Redefining color nblue on input line 44.
Package color Info: Redefining color mblue on input line 44.
LaTeX Font Info:    Trying to load font information for OT1+phv on input line 4
4.

(/usr/local/texlive/2020/texmf-dist/tex/latex/psnfss/ot1phv.fd
File: ot1phv.fd 2001/06/04 scalable font definitions for OT1/phv.


LaTeX Warning: Font shape declaration has incorrect series value `mc'.
               It should not contain an `m'! Please correct it.
               Found on input line 21.


LaTeX Warning: Font shape declaration has incorrect series value `mc'.
               It should not contain an `m'! Please correct it.
               Found on input line 24.


LaTeX Warning: Font shape declaration has incorrect series value `mc'.
               It should not contain an `m'! Please correct it.
               Found on input line 27.


LaTeX Warning: Font shape declaration has incorrect series value `mc'.
               It should not contain an `m'! Please correct it.
               Found on input line 47.

)
Package color Info: Redefining color nblue on input line 44.
Package color Info: Redefining color mblue on input line 44.
LaTeX Font Info:    Trying to load font information for U+msa on input line 44.

 (/usr/local/texlive/2020/texmf-dist/tex/latex/amsfonts/umsa.fd
File: umsa.fd 2013/01/14 v3.01 AMS symbols A
)
LaTeX Font Info:    Trying to load font information for U+msb on input line 44.


(/usr/local/texlive/2020/texmf-dist/tex/latex/amsfonts/umsb.fd
File: umsb.fd 2013/01/14 v3.01 AMS symbols B
)
LaTeX Font Info:    Trying to load font information for OT1+pcr on input line 4
4.

(/usr/local/texlive/2020/texmf-dist/tex/latex/psnfss/ot1pcr.fd
File: ot1pcr.fd 2001/06/04 font definitions for OT1/pcr.
)
Package color Info: Redefining color nblue on input line 45.
Package color Info: Redefining color mblue on input line 45.
LaTeX Font Info:    Font shape `OT1/phv/b/it' in size <9> not available
(Font)              Font shape `OT1/phv/b/sl' tried instead on input line 45.
Package color Info: Redefining color nblue on input line 53.
Package color Info: Redefining color mblue on input line 53.
LaTeX Font Info:    Trying to load font information for T1+phv on input line 57
.

(/usr/local/texlive/2020/texmf-dist/tex/latex/psnfss/t1phv.fd
File: t1phv.fd 2001/06/04 scalable font definitions for T1/phv.


LaTeX Warning: Font shape declaration has incorrect series value `mc'.
               It should not contain an `m'! Please correct it.
               Found on input line 20.


LaTeX Warning: Font shape declaration has incorrect series value `mc'.
               It should not contain an `m'! Please correct it.
               Found on input line 23.


LaTeX Warning: Font shape declaration has incorrect series value `mc'.
               It should not contain an `m'! Please correct it.
               Found on input line 26.


LaTeX Warning: Font shape declaration has incorrect series value `mc'.
               It should not contain an `m'! Please correct it.
               Found on input line 46.

)
LaTeX Font Info:    Trying to load font information for U+euf on input line 75.

 (/usr/local/texlive/2020/texmf-dist/tex/latex/amsfonts/ueuf.fd
File: ueuf.fd 2013/01/14 v3.01 Euler Fraktur
)
Package epstopdf Info: Source file: <LOGO-generic-web.eps>
(epstopdf)                    date: 2017-08-16 16:56:44
(epstopdf)                    size: 96860 bytes
(epstopdf)             Output file: <LOGO-generic-web-eps-converted-to.pdf>
(epstopdf)                    date: 2021-07-30 22:50:24
(epstopdf)                    size: 6915 bytes
(epstopdf)             Command: <repstopdf --outfile=LOGO-generic-web-eps-conve
rted-to.pdf LOGO-generic-web.eps>
(epstopdf)             \includegraphics on input line 105.
Package epstopdf Info: Output file is already uptodate.
<LOGO-generic-web-eps-converted-to.pdf, id=82, 55.20625pt x 34.1275pt>
File: LOGO-generic-web-eps-converted-to.pdf Graphic file (type pdf)
<use LOGO-generic-web-eps-converted-to.pdf>
Package pdftex.def Info: LOGO-generic-web-eps-converted-to.pdf  used on input l
ine 105.
(pdftex.def)             Requested size: 48.0pt x 29.674pt.

Overfull \hbox (259.0pt too wide) has occurred while \output is active
[][] 
 []


Overfull \hbox (12.0pt too wide) has occurred while \output is active
[] [] [] 
 []


Underfull \hbox (badness 10000) has occurred while \output is active
[]
 []


Overfull \vbox (24.05351pt too high) has occurred while \output is active []


[1{/usr/local/texlive/2020/texmf-var/fonts/map/pdftex/updmap/pdftex.map}


 <./LOGO-generic-web-eps-converted-to.pdf>]
LaTeX Font Info:    Font shape `OT1/phv/m/it' in size <10> not available
(Font)              Font shape `OT1/phv/m/sl' tried instead on input line 114.

Overfull \hbox (0.93292pt too wide) detected at line 165
[]
 []


Overfull \vbox (5.0pt too high) has occurred while \output is active []

 [2]
Underfull \hbox (badness 1460) in paragraph at lines 185--186
[]\OT1/ptm/m/n/10 We be-gin our study by mo-ti-vat-ing and re-call-ing the
 []

LaTeX Font Info:    Font shape `OT1/phv/m/it' in size <7> not available
(Font)              Font shape `OT1/phv/m/sl' tried instead on input line 260.

Overfull \vbox (5.0pt too high) has occurred while \output is active []

 [3]
Underfull \hbox (badness 4899) in paragraph at lines 268--270
[]\OT1/ptm/m/n/10 Let $\OML/cmm/m/it/10 A \OMS/cmsy/m/n/10 2
 []


Package hyperref Warning: Token not allowed in a PDF string (PDFDocEncoding):
(hyperref)                removing `math shift' on input line 331.


Package hyperref Warning: Token not allowed in a PDF string (PDFDocEncoding):
(hyperref)                removing `superscript' on input line 331.


Package hyperref Warning: Token not allowed in a PDF string (PDFDocEncoding):
(hyperref)                removing `math shift' on input line 331.


Underfull \hbox (badness 10000) in paragraph at lines 356--358
 \OT1/ptm/m/it/10 Proof: \OT1/ptm/m/n/10 [Proof of Lemma []2[]] Not-ing that
 []


Underfull \hbox (badness 2460) in paragraph at lines 356--358
\OT1/cmr/m/n/10 (\OML/cmm/m/it/10 P\OT1/cmr/m/n/10 (\OML/cmm/m/it/10 b\OT1/cmr/
m/n/10 )[])[]\OML/cmm/m/it/10 P\OT1/cmr/m/n/10 (\OML/cmm/m/it/10 b\OT1/cmr/m/n/
10 )[]$ \OT1/ptm/m/n/10 is a sym-met-ric and pos-i-tive def-i-nite
 []


Overfull \vbox (5.0pt too high) has occurred while \output is active []

 [4]
Overfull \vbox (5.0pt too high) has occurred while \output is active []

 [5]
Overfull \hbox (1.86061pt too wide) detected at line 493
[][] [] \OML/cmm/m/it/10 ^^U[] [] \OT1/cmr/m/n/10 = [] [] []\OML/cmm/m/it/10 :
 []


Underfull \hbox (badness 10000) in paragraph at lines 497--497
[][][][]\OT1/ptm/m/n/8 see [][]\OT1/pcr/m/n/8 https://github.com/borjanG/optima
l.controller[][]\OT1/ptm/m/n/8 .
 []


Underfull \hbox (badness 10000) in paragraph at lines 515--516
[]\OT1/ptm/m/n/10 We
 []


Underfull \hbox (badness 5817) in paragraph at lines 515--516
\OT1/ptm/m/n/10 be-gin this sec-tion by con-sid-er-ing a fi-nite dif-fer-ence
 []


Overfull \vbox (5.0pt too high) has occurred while \output is active []

 [6]
Overfull \hbox (4.44417pt too wide) detected at line 560
[]
 []


Overfull \hbox (6.49028pt too wide) detected at line 565
[]
 []


Underfull \hbox (badness 6910) in paragraph at lines 578--584
\OT1/ptm/m/n/10 whence one may gen-er-ate all the max-i-miz-ers from
 []

<figures/heat_opt.pdf, id=257, 458.71375pt x 362.35374pt>
File: figures/heat_opt.pdf Graphic file (type pdf)
<use figures/heat_opt.pdf>
Package pdftex.def Info: figures/heat_opt.pdf  used on input line 586.
(pdftex.def)             Requested size: 121.55856pt x 96.02328pt.
<figures/heat.pdf, id=258, 478.78876pt x 359.3425pt>
File: figures/heat.pdf Graphic file (type pdf)
<use figures/heat.pdf>
Package pdftex.def Info: figures/heat.pdf  used on input line 588.
(pdftex.def)             Requested size: 126.8784pt x 95.2253pt.

Overfull \hbox (3.88232pt too wide) in paragraph at lines 586--589
[][]   [] 
 []

LaTeX Font Info:    Font shape `OT1/phv/m/it' in size <8> not available
(Font)              Font shape `OT1/phv/m/sl' tried instead on input line 589.
<figures/heat_3d.pdf, id=266, 437.635pt x 350.30875pt>
File: figures/heat_3d.pdf Graphic file (type pdf)
<use figures/heat_3d.pdf>
Package pdftex.def Info: figures/heat_3d.pdf  used on input line 608.
(pdftex.def)             Requested size: 175.05089pt x 140.12102pt.

Underfull \hbox (badness 6559) in paragraph at lines 619--620
\OT1/ptm/m/n/10 con-sider a finite-difference dis-cretiza-tion of the one-
 []


Overfull \vbox (5.0pt too high) has occurred while \output is active []

 [7

pdfTeX warning: /Library/TeX/texbin/pdflatex: pop empty color page stack 0


pdfTeX warning: /Library/TeX/texbin/pdflatex: pop empty color page stack 0


pdfTeX warning: /Library/TeX/texbin/pdflatex: pop empty color page stack 0


pdfTeX warning: /Library/TeX/texbin/pdflatex: pop empty color page stack 0


pdfTeX warning: /Library/TeX/texbin/pdflatex: pop empty color page stack 0


pdfTeX warning: /Library/TeX/texbin/pdflatex: pop empty color page stack 0


pdfTeX warning: /Library/TeX/texbin/pdflatex: pop empty color page stack 0


pdfTeX warning: /Library/TeX/texbin/pdflatex: pop empty color page stack 0
 <./figures/heat_opt.pdf> <./figures/heat.pdf> <./figures/heat_3d.pdf>]
<figures/heat_mat-8d.pdf, id=479, 342.27875pt x 284.06125pt>
File: figures/heat_mat-8d.pdf Graphic file (type pdf)
<use figures/heat_mat-8d.pdf>
Package pdftex.def Info: figures/heat_mat-8d.pdf  used on input line 647.
(pdftex.def)             Requested size: 77.0146pt x 63.91534pt.
<figures/heat_mat-15d.pdf, id=480, 348.30125pt x 284.06125pt>
File: figures/heat_mat-15d.pdf Graphic file (type pdf)
<use figures/heat_mat-15d.pdf>
Package pdftex.def Info: figures/heat_mat-15d.pdf  used on input line 649.
(pdftex.def)             Requested size: 78.3697pt x 63.91534pt.
<figures/heat_mat-30d.pdf, id=481, 344.28625pt x 284.06125pt>
File: figures/heat_mat-30d.pdf Graphic file (type pdf)
<use figures/heat_mat-30d.pdf>
Package pdftex.def Info: figures/heat_mat-30d.pdf  used on input line 651.
(pdftex.def)             Requested size: 77.46631pt x 63.91534pt.
<figures/wave_mat-8d.pdf, id=482, 348.30125pt x 284.06125pt>
File: figures/wave_mat-8d.pdf Graphic file (type pdf)
<use figures/wave_mat-8d.pdf>
Package pdftex.def Info: figures/wave_mat-8d.pdf  used on input line 654.
(pdftex.def)             Requested size: 78.3697pt x 63.91534pt.
<figures/wave_mat-15d.pdf, id=483, 348.30125pt x 284.06125pt>
File: figures/wave_mat-15d.pdf Graphic file (type pdf)
<use figures/wave_mat-15d.pdf>
Package pdftex.def Info: figures/wave_mat-15d.pdf  used on input line 656.
(pdftex.def)             Requested size: 78.3697pt x 63.91534pt.
<figures/wave_mat-30d.pdf, id=484, 345.29pt x 285.065pt>
File: figures/wave_mat-30d.pdf Graphic file (type pdf)
<use figures/wave_mat-30d.pdf>
Package pdftex.def Info: figures/wave_mat-30d.pdf  used on input line 658.
(pdftex.def)             Requested size: 77.69215pt x 64.1412pt.

Overfull \hbox (5.31432pt too wide) detected at line 697
[]
 []

<figures/wave_opt.pdf, id=490, 458.71375pt x 362.35374pt>
File: figures/wave_opt.pdf Graphic file (type pdf)
<use figures/wave_opt.pdf>
Package pdftex.def Info: figures/wave_opt.pdf  used on input line 738.
(pdftex.def)             Requested size: 121.55856pt x 96.02328pt.
<figures/wave.pdf, id=491, 478.78876pt x 359.3425pt>
File: figures/wave.pdf Graphic file (type pdf)
<use figures/wave.pdf>
Package pdftex.def Info: figures/wave.pdf  used on input line 740.
(pdftex.def)             Requested size: 126.8784pt x 95.2253pt.

Overfull \hbox (3.88232pt too wide) in paragraph at lines 738--741
[][]   [] 
 []

<figures/wave_3d.pdf, id=496, 437.635pt x 350.30875pt>
File: figures/wave_3d.pdf Graphic file (type pdf)
<use figures/wave_3d.pdf>
Package pdftex.def Info: figures/wave_3d.pdf  used on input line 747.
(pdftex.def)             Requested size: 175.05089pt x 140.12102pt.

Overfull \hbox (22.23795pt too wide) in paragraph at lines 759--761
[]
 []


Overfull \vbox (5.0pt too high) has occurred while \output is active []

 [8

pdfTeX warning: /Library/TeX/texbin/pdflatex: pop empty color page stack 0


pdfTeX warning: /Library/TeX/texbin/pdflatex: pop empty color page stack 0


pdfTeX warning: /Library/TeX/texbin/pdflatex: pop empty color page stack 0


pdfTeX warning: /Library/TeX/texbin/pdflatex: pop empty color page stack 0


pdfTeX warning: /Library/TeX/texbin/pdflatex: pop empty color page stack 0


pdfTeX warning: /Library/TeX/texbin/pdflatex: pop empty color page stack 0
 <./figures/heat_mat-8d.pdf> <./figures/heat_mat-15d.pdf> <./figures/heat_mat-3
0d.pdf> <./figures/wave_mat-8d.pdf> <./figures/wave_mat-15d.pdf> <./figures/wav
e_mat-30d.pdf> <./figures/wave_opt.pdf> <./figures/wave.pdf>]
<figures/convect+-_opt.pdf, id=665, 458.71375pt x 362.35374pt>
File: figures/convect+-_opt.pdf Graphic file (type pdf)
<use figures/convect+-_opt.pdf>
Package pdftex.def Info: figures/convect+-_opt.pdf  used on input line 817.
(pdftex.def)             Requested size: 121.55856pt x 96.02328pt.
<figures/convection_-+.pdf, id=666, 478.78876pt x 359.3425pt>
File: figures/convection_-+.pdf Graphic file (type pdf)
<use figures/convection_-+.pdf>
Package pdftex.def Info: figures/convection_-+.pdf  used on input line 819.
(pdftex.def)             Requested size: 126.8784pt x 95.2253pt.

Overfull \hbox (3.88232pt too wide) in paragraph at lines 817--821
[][]   []
 []

<figures/convect-+_opt.pdf, id=667, 458.71375pt x 362.35374pt>
File: figures/convect-+_opt.pdf Graphic file (type pdf)
<use figures/convect-+_opt.pdf>
Package pdftex.def Info: figures/convect-+_opt.pdf  used on input line 822.
(pdftex.def)             Requested size: 121.55856pt x 96.02328pt.
<figures/convection_+-.pdf, id=668, 478.78876pt x 359.3425pt>
File: figures/convection_+-.pdf Graphic file (type pdf)
<use figures/convection_+-.pdf>
Package pdftex.def Info: figures/convection_+-.pdf  used on input line 824.
(pdftex.def)             Requested size: 126.8784pt x 95.2253pt.

Overfull \hbox (3.88232pt too wide) in paragraph at lines 822--825
[][]   [] 
 []

<figures/convect_3d_-+.pdf, id=673, 437.635pt x 350.30875pt>
File: figures/convect_3d_-+.pdf Graphic file (type pdf)
<use figures/convect_3d_-+.pdf>
Package pdftex.def Info: figures/convect_3d_-+.pdf  used on input line 831.
(pdftex.def)             Requested size: 120.34665pt x 96.33252pt.
<figures/convect_3d_+-.pdf, id=674, 437.635pt x 350.30875pt>
File: figures/convect_3d_+-.pdf Graphic file (type pdf)
<use figures/convect_3d_+-.pdf>
Package pdftex.def Info: figures/convect_3d_+-.pdf  used on input line 832.
(pdftex.def)             Requested size: 120.34665pt x 96.33252pt.

Overfull \vbox (5.0pt too high) has occurred while \output is active []

 [9

pdfTeX warning: /Library/TeX/texbin/pdflatex: pop empty color page stack 0


pdfTeX warning: /Library/TeX/texbin/pdflatex: pop empty color page stack 0


pdfTeX warning: /Library/TeX/texbin/pdflatex: pop empty color page stack 0


pdfTeX warning: /Library/TeX/texbin/pdflatex: pop empty color page stack 0


pdfTeX warning: /Library/TeX/texbin/pdflatex: pop empty color page stack 0


pdfTeX warning: /Library/TeX/texbin/pdflatex: pop empty color page stack 0


pdfTeX warning: /Library/TeX/texbin/pdflatex: pop empty color page stack 0


pdfTeX warning: /Library/TeX/texbin/pdflatex: pop empty color page stack 0


pdfTeX warning: /Library/TeX/texbin/pdflatex: pop empty color page stack 0
 <./figures/wave_3d.pdf> <./figures/convect+-_opt.pdf> <./figures/convection_-+
.pdf> <./figures/convect-+_opt.pdf> <./figures/convection_+-.pdf> <./figures/co
nvect_3d_-+.pdf> <./figures/convect_3d_+-.pdf>]
** WARNING: Ignoring useless \section in Appendix (line 888).

Overfull \vbox (5.0pt too high) has occurred while \output is active []

 [10]
Overfull \vbox (5.0pt too high) has occurred while \output is active []

 [11]
<a1.jpeg, id=1220, 120.45pt x 120.45pt>
File: a1.jpeg Graphic file (type jpg)
<use a1.jpeg>
Package pdftex.def Info: a1.jpeg  used on input line 1150.
(pdftex.def)             Requested size: 72.27238pt x 72.27238pt.
File: a1.jpeg Graphic file (type jpg)
<use a1.jpeg>
Package pdftex.def Info: a1.jpeg  used on input line 1150.
(pdftex.def)             Requested size: 72.27238pt x 72.27238pt.
<a2.jpeg, id=1223, 120.45pt x 120.45pt>
File: a2.jpeg Graphic file (type jpg)
<use a2.jpeg>
Package pdftex.def Info: a2.jpeg  used on input line 1155.
(pdftex.def)             Requested size: 72.27238pt x 72.27238pt.
File: a2.jpeg Graphic file (type jpg)
<use a2.jpeg>
Package pdftex.def Info: a2.jpeg  used on input line 1155.
(pdftex.def)             Requested size: 72.27238pt x 72.27238pt.

Underfull \hbox (badness 10000) in paragraph at lines 1155--1170
[][]\OT1/phv/b/n/8 Enrique Zuazua [][][]\OT1/phv/m/n/8 (Eibar, Basque Coun-
 []


Underfull \hbox (badness 10000) in paragraph at lines 1155--1170
\OT1/phv/m/n/8 try{Spain, https://caa-avh.nat.fau.eu/enrique-
 []


Underfull \hbox (badness 3612) in paragraph at lines 1155--1170
\OT1/phv/m/n/8 zuazua/) holds, since 2019, the Chair for
 []


Underfull \hbox (badness 1552) in paragraph at lines 1155--1170
\OT1/phv/m/n/8 of Data Sci-ence of the Friedrich-Alexander-
 []


Underfull \hbox (badness 10000) in paragraph at lines 1155--1170
\OT1/phv/m/n/8 Universit[]at Erlangen-N[]urnberg (FAU) in
 []


Underfull \hbox (badness 10000) in paragraph at lines 1155--1170
\OT1/phv/m/n/8 Ger-many and part-time ap-point-ments at
 []

Package atveryend Info: Empty hook `BeforeClearDocument' on input line 1172.

Overfull \vbox (5.0pt too high) has occurred while \output is active []

 [12 <./a1.jpeg> <./a2.jpeg>]
Package atveryend Info: Empty hook `AfterLastShipout' on input line 1172.
 (./generic-color copy.aux)
Package atveryend Info: Executing hook `AtVeryEndDocument' on input line 1172.
Package atveryend Info: Executing hook `AtEndAfterFileList' on input line 1172.

Package rerunfilecheck Info: File `"generic-color copy".out' has not changed.
(rerunfilecheck)             Checksum: DB0BCFB2B68BDBCBE1C108E13F91B4E4;1094.
Package atveryend Info: Empty hook `AtVeryVeryEnd' on input line 1172.
 ) 
Here is how much of TeX's memory you used:
 8557 strings out of 480608
 130634 string characters out of 5903630
 418601 words of memory out of 5000000
 24080 multiletter control sequences out of 15000+600000
 605628 words of font info for 145 fonts, out of 8000000 for 9000
 1141 hyphenation exceptions out of 8191
 34i,20n,37p,1376b,493s stack positions out of 5000i,500n,10000p,200000b,80000s
{/usr/local/texlive/2020/texmf-dist/fonts/enc/dvips/base/8r.enc}</usr/local/t
exlive/2020/texmf-dist/fonts/type1/public/amsfonts/cmextra/cmbsy6.pfb></usr/loc
al/texlive/2020/texmf-dist/fonts/type1/public/amsfonts/cmextra/cmbsy8.pfb></usr
/local/texlive/2020/texmf-dist/fonts/type1/public/amsfonts/cm/cmbx10.pfb></usr/
local/texlive/2020/texmf-dist/fonts/type1/public/amsfonts/cm/cmbx6.pfb></usr/lo
cal/texlive/2020/texmf-dist/fonts/type1/public/amsfonts/cm/cmbx8.pfb></usr/loca
l/texlive/2020/texmf-dist/fonts/type1/public/amsfonts/cm/cmex10.pfb></usr/local
/texlive/2020/texmf-dist/fonts/type1/public/amsfonts/cmextra/cmex7.pfb></usr/lo
cal/texlive/2020/texmf-dist/fonts/type1/public/amsfonts/cm/cmmi10.pfb></usr/loc
al/texlive/2020/texmf-dist/fonts/type1/public/amsfonts/cm/cmmi5.pfb></usr/local
/texlive/2020/texmf-dist/fonts/type1/public/amsfonts/cm/cmmi7.pfb></usr/local/t
exlive/2020/texmf-dist/fonts/type1/public/amsfonts/cm/cmmi8.pfb></usr/local/tex
live/2020/texmf-dist/fonts/type1/public/amsfonts/cmextra/cmmib5.pfb></usr/local
/texlive/2020/texmf-dist/fonts/type1/public/amsfonts/cmextra/cmmib6.pfb></usr/l
ocal/texlive/2020/texmf-dist/fonts/type1/public/amsfonts/cmextra/cmmib8.pfb></u
sr/local/texlive/2020/texmf-dist/fonts/type1/public/amsfonts/cm/cmr10.pfb></usr
/local/texlive/2020/texmf-dist/fonts/type1/public/amsfonts/cm/cmr5.pfb></usr/lo
cal/texlive/2020/texmf-dist/fonts/type1/public/amsfonts/cm/cmr7.pfb></usr/local
/texlive/2020/texmf-dist/fonts/type1/public/amsfonts/cm/cmr8.pfb></usr/local/te
xlive/2020/texmf-dist/fonts/type1/public/amsfonts/cm/cmss10.pfb></usr/local/tex
live/2020/texmf-dist/fonts/type1/public/amsfonts/cm/cmss8.pfb></usr/local/texli
ve/2020/texmf-dist/fonts/type1/public/amsfonts/cm/cmsy10.pfb></usr/local/texliv
e/2020/texmf-dist/fonts/type1/public/amsfonts/cm/cmsy5.pfb></usr/local/texlive/
2020/texmf-dist/fonts/type1/public/amsfonts/cm/cmsy7.pfb></usr/local/texlive/20
20/texmf-dist/fonts/type1/public/amsfonts/cm/cmsy8.pfb></usr/local/texlive/2020
/texmf-dist/fonts/type1/public/amsfonts/euler/eufm10.pfb></usr/local/texlive/20
20/texmf-dist/fonts/type1/public/amsfonts/symbols/msam10.pfb></usr/local/texliv
e/2020/texmf-dist/fonts/type1/public/amsfonts/symbols/msam7.pfb></usr/local/tex
live/2020/texmf-dist/fonts/type1/public/amsfonts/symbols/msbm10.pfb></usr/local
/texlive/2020/texmf-dist/fonts/type1/public/amsfonts/symbols/msbm7.pfb></usr/lo
cal/texlive/2020/texmf-dist/fonts/type1/urw/courier/ucrr8a.pfb></usr/local/texl
ive/2020/texmf-dist/fonts/type1/urw/helvetic/uhvb8a.pfb></usr/local/texlive/202
0/texmf-dist/fonts/type1/urw/helvetic/uhvbo8a.pfb></usr/local/texlive/2020/texm
f-dist/fonts/type1/urw/helvetic/uhvr8a.pfb></usr/local/texlive/2020/texmf-dist/
fonts/type1/urw/helvetic/uhvro8a.pfb></usr/local/texlive/2020/texmf-dist/fonts/
type1/urw/times/utmb8a.pfb></usr/local/texlive/2020/texmf-dist/fonts/type1/urw/
times/utmr8a.pfb></usr/local/texlive/2020/texmf-dist/fonts/type1/urw/times/utmr
i8a.pfb>
Output written on "generic-color copy.pdf" (12 pages, 23814752 bytes).
PDF statistics:
 1402 PDF objects out of 1440 (max. 8388607)
 1149 compressed objects within 12 object streams
 147 named destinations out of 1000 (max. 500000)
 266 words of extra memory for PDF output out of 10000 (max. 10000000)

